ARM GAS  C:\Users\Matheus\AppData\Local\Temp\ccmn29m8.s 			page 1


   1              		.cpu cortex-m4
   2              		.arch armv7e-m
   3              		.fpu fpv4-sp-d16
   4              		.eabi_attribute 27, 1
   5              		.eabi_attribute 28, 1
   6              		.eabi_attribute 20, 1
   7              		.eabi_attribute 21, 1
   8              		.eabi_attribute 23, 3
   9              		.eabi_attribute 24, 1
  10              		.eabi_attribute 25, 1
  11              		.eabi_attribute 26, 1
  12              		.eabi_attribute 30, 1
  13              		.eabi_attribute 34, 1
  14              		.eabi_attribute 18, 4
  15              		.file	"stm32f4xx_hal_msp.c"
  16              		.text
  17              	.Ltext0:
  18              		.cfi_sections	.debug_frame
  19              		.file 1 "Src/stm32f4xx_hal_msp.c"
  20              		.section	.text.HAL_MspInit,"ax",%progbits
  21              		.align	1
  22              		.global	HAL_MspInit
  23              		.syntax unified
  24              		.thumb
  25              		.thumb_func
  27              	HAL_MspInit:
  28              	.LFB134:
   1:Src/stm32f4xx_hal_msp.c **** /* USER CODE BEGIN Header */
   2:Src/stm32f4xx_hal_msp.c **** /**
   3:Src/stm32f4xx_hal_msp.c ****   ******************************************************************************
   4:Src/stm32f4xx_hal_msp.c ****   * @file         stm32f4xx_hal_msp.c
   5:Src/stm32f4xx_hal_msp.c ****   * @brief        This file provides code for the MSP Initialization
   6:Src/stm32f4xx_hal_msp.c ****   *               and de-Initialization codes.
   7:Src/stm32f4xx_hal_msp.c ****   ******************************************************************************
   8:Src/stm32f4xx_hal_msp.c ****   * @attention
   9:Src/stm32f4xx_hal_msp.c ****   *
  10:Src/stm32f4xx_hal_msp.c ****   * Copyright (c) 2024 STMicroelectronics.
  11:Src/stm32f4xx_hal_msp.c ****   * All rights reserved.
  12:Src/stm32f4xx_hal_msp.c ****   *
  13:Src/stm32f4xx_hal_msp.c ****   * This software is licensed under terms that can be found in the LICENSE file
  14:Src/stm32f4xx_hal_msp.c ****   * in the root directory of this software component.
  15:Src/stm32f4xx_hal_msp.c ****   * If no LICENSE file comes with this software, it is provided AS-IS.
  16:Src/stm32f4xx_hal_msp.c ****   *
  17:Src/stm32f4xx_hal_msp.c ****   ******************************************************************************
  18:Src/stm32f4xx_hal_msp.c ****   */
  19:Src/stm32f4xx_hal_msp.c **** /* USER CODE END Header */
  20:Src/stm32f4xx_hal_msp.c **** 
  21:Src/stm32f4xx_hal_msp.c **** /* Includes ------------------------------------------------------------------*/
  22:Src/stm32f4xx_hal_msp.c **** #include "main.h"
  23:Src/stm32f4xx_hal_msp.c **** 
  24:Src/stm32f4xx_hal_msp.c **** /* USER CODE BEGIN Includes */
  25:Src/stm32f4xx_hal_msp.c **** 
  26:Src/stm32f4xx_hal_msp.c **** /* USER CODE END Includes */
  27:Src/stm32f4xx_hal_msp.c **** 
  28:Src/stm32f4xx_hal_msp.c **** /* Private typedef -----------------------------------------------------------*/
  29:Src/stm32f4xx_hal_msp.c **** /* USER CODE BEGIN TD */
  30:Src/stm32f4xx_hal_msp.c **** 
ARM GAS  C:\Users\Matheus\AppData\Local\Temp\ccmn29m8.s 			page 2


  31:Src/stm32f4xx_hal_msp.c **** /* USER CODE END TD */
  32:Src/stm32f4xx_hal_msp.c **** 
  33:Src/stm32f4xx_hal_msp.c **** /* Private define ------------------------------------------------------------*/
  34:Src/stm32f4xx_hal_msp.c **** /* USER CODE BEGIN Define */
  35:Src/stm32f4xx_hal_msp.c **** 
  36:Src/stm32f4xx_hal_msp.c **** /* USER CODE END Define */
  37:Src/stm32f4xx_hal_msp.c **** 
  38:Src/stm32f4xx_hal_msp.c **** /* Private macro -------------------------------------------------------------*/
  39:Src/stm32f4xx_hal_msp.c **** /* USER CODE BEGIN Macro */
  40:Src/stm32f4xx_hal_msp.c **** 
  41:Src/stm32f4xx_hal_msp.c **** /* USER CODE END Macro */
  42:Src/stm32f4xx_hal_msp.c **** 
  43:Src/stm32f4xx_hal_msp.c **** /* Private variables ---------------------------------------------------------*/
  44:Src/stm32f4xx_hal_msp.c **** /* USER CODE BEGIN PV */
  45:Src/stm32f4xx_hal_msp.c **** 
  46:Src/stm32f4xx_hal_msp.c **** /* USER CODE END PV */
  47:Src/stm32f4xx_hal_msp.c **** 
  48:Src/stm32f4xx_hal_msp.c **** /* Private function prototypes -----------------------------------------------*/
  49:Src/stm32f4xx_hal_msp.c **** /* USER CODE BEGIN PFP */
  50:Src/stm32f4xx_hal_msp.c **** 
  51:Src/stm32f4xx_hal_msp.c **** /* USER CODE END PFP */
  52:Src/stm32f4xx_hal_msp.c **** 
  53:Src/stm32f4xx_hal_msp.c **** /* External functions --------------------------------------------------------*/
  54:Src/stm32f4xx_hal_msp.c **** /* USER CODE BEGIN ExternalFunctions */
  55:Src/stm32f4xx_hal_msp.c **** 
  56:Src/stm32f4xx_hal_msp.c **** /* USER CODE END ExternalFunctions */
  57:Src/stm32f4xx_hal_msp.c **** 
  58:Src/stm32f4xx_hal_msp.c **** /* USER CODE BEGIN 0 */
  59:Src/stm32f4xx_hal_msp.c **** 
  60:Src/stm32f4xx_hal_msp.c **** /* USER CODE END 0 */
  61:Src/stm32f4xx_hal_msp.c **** /**
  62:Src/stm32f4xx_hal_msp.c ****   * Initializes the Global MSP.
  63:Src/stm32f4xx_hal_msp.c ****   */
  64:Src/stm32f4xx_hal_msp.c **** void HAL_MspInit(void)
  65:Src/stm32f4xx_hal_msp.c **** {
  29              		.loc 1 65 1 view -0
  30              		.cfi_startproc
  31              		@ args = 0, pretend = 0, frame = 8
  32              		@ frame_needed = 0, uses_anonymous_args = 0
  33 0000 00B5     		push	{lr}
  34              	.LCFI0:
  35              		.cfi_def_cfa_offset 4
  36              		.cfi_offset 14, -4
  37 0002 83B0     		sub	sp, sp, #12
  38              	.LCFI1:
  39              		.cfi_def_cfa_offset 16
  66:Src/stm32f4xx_hal_msp.c ****   /* USER CODE BEGIN MspInit 0 */
  67:Src/stm32f4xx_hal_msp.c **** 
  68:Src/stm32f4xx_hal_msp.c ****   /* USER CODE END MspInit 0 */
  69:Src/stm32f4xx_hal_msp.c **** 
  70:Src/stm32f4xx_hal_msp.c ****   __HAL_RCC_SYSCFG_CLK_ENABLE();
  40              		.loc 1 70 3 view .LVU1
  41              	.LBB2:
  42              		.loc 1 70 3 view .LVU2
  43 0004 0022     		movs	r2, #0
  44 0006 0092     		str	r2, [sp]
  45              		.loc 1 70 3 view .LVU3
ARM GAS  C:\Users\Matheus\AppData\Local\Temp\ccmn29m8.s 			page 3


  46 0008 0D4B     		ldr	r3, .L3
  47 000a 596C     		ldr	r1, [r3, #68]
  48 000c 41F48041 		orr	r1, r1, #16384
  49 0010 5964     		str	r1, [r3, #68]
  50              		.loc 1 70 3 view .LVU4
  51 0012 596C     		ldr	r1, [r3, #68]
  52 0014 01F48041 		and	r1, r1, #16384
  53 0018 0091     		str	r1, [sp]
  54              		.loc 1 70 3 view .LVU5
  55 001a 0099     		ldr	r1, [sp]
  56              	.LBE2:
  57              		.loc 1 70 3 view .LVU6
  71:Src/stm32f4xx_hal_msp.c ****   __HAL_RCC_PWR_CLK_ENABLE();
  58              		.loc 1 71 3 view .LVU7
  59              	.LBB3:
  60              		.loc 1 71 3 view .LVU8
  61 001c 0192     		str	r2, [sp, #4]
  62              		.loc 1 71 3 view .LVU9
  63 001e 196C     		ldr	r1, [r3, #64]
  64 0020 41F08051 		orr	r1, r1, #268435456
  65 0024 1964     		str	r1, [r3, #64]
  66              		.loc 1 71 3 view .LVU10
  67 0026 1B6C     		ldr	r3, [r3, #64]
  68 0028 03F08053 		and	r3, r3, #268435456
  69 002c 0193     		str	r3, [sp, #4]
  70              		.loc 1 71 3 view .LVU11
  71 002e 019B     		ldr	r3, [sp, #4]
  72              	.LBE3:
  73              		.loc 1 71 3 view .LVU12
  72:Src/stm32f4xx_hal_msp.c **** 
  73:Src/stm32f4xx_hal_msp.c ****   /* System interrupt init*/
  74:Src/stm32f4xx_hal_msp.c ****   /* PendSV_IRQn interrupt configuration */
  75:Src/stm32f4xx_hal_msp.c ****   HAL_NVIC_SetPriority(PendSV_IRQn, 15, 0);
  74              		.loc 1 75 3 view .LVU13
  75 0030 0F21     		movs	r1, #15
  76 0032 6FF00100 		mvn	r0, #1
  77 0036 FFF7FEFF 		bl	HAL_NVIC_SetPriority
  78              	.LVL0:
  76:Src/stm32f4xx_hal_msp.c **** 
  77:Src/stm32f4xx_hal_msp.c ****   /* USER CODE BEGIN MspInit 1 */
  78:Src/stm32f4xx_hal_msp.c **** 
  79:Src/stm32f4xx_hal_msp.c ****   /* USER CODE END MspInit 1 */
  80:Src/stm32f4xx_hal_msp.c **** }
  79              		.loc 1 80 1 is_stmt 0 view .LVU14
  80 003a 03B0     		add	sp, sp, #12
  81              	.LCFI2:
  82              		.cfi_def_cfa_offset 4
  83              		@ sp needed
  84 003c 5DF804FB 		ldr	pc, [sp], #4
  85              	.L4:
  86              		.align	2
  87              	.L3:
  88 0040 00380240 		.word	1073887232
  89              		.cfi_endproc
  90              	.LFE134:
  92              		.section	.text.HAL_QSPI_MspInit,"ax",%progbits
  93              		.align	1
ARM GAS  C:\Users\Matheus\AppData\Local\Temp\ccmn29m8.s 			page 4


  94              		.global	HAL_QSPI_MspInit
  95              		.syntax unified
  96              		.thumb
  97              		.thumb_func
  99              	HAL_QSPI_MspInit:
 100              	.LVL1:
 101              	.LFB135:
  81:Src/stm32f4xx_hal_msp.c **** 
  82:Src/stm32f4xx_hal_msp.c **** /**
  83:Src/stm32f4xx_hal_msp.c **** * @brief QSPI MSP Initialization
  84:Src/stm32f4xx_hal_msp.c **** * This function configures the hardware resources used in this example
  85:Src/stm32f4xx_hal_msp.c **** * @param hqspi: QSPI handle pointer
  86:Src/stm32f4xx_hal_msp.c **** * @retval None
  87:Src/stm32f4xx_hal_msp.c **** */
  88:Src/stm32f4xx_hal_msp.c **** void HAL_QSPI_MspInit(QSPI_HandleTypeDef* hqspi)
  89:Src/stm32f4xx_hal_msp.c **** {
 102              		.loc 1 89 1 is_stmt 1 view -0
 103              		.cfi_startproc
 104              		@ args = 0, pretend = 0, frame = 32
 105              		@ frame_needed = 0, uses_anonymous_args = 0
 106              		.loc 1 89 1 is_stmt 0 view .LVU16
 107 0000 2DE9F041 		push	{r4, r5, r6, r7, r8, lr}
 108              	.LCFI3:
 109              		.cfi_def_cfa_offset 24
 110              		.cfi_offset 4, -24
 111              		.cfi_offset 5, -20
 112              		.cfi_offset 6, -16
 113              		.cfi_offset 7, -12
 114              		.cfi_offset 8, -8
 115              		.cfi_offset 14, -4
 116 0004 88B0     		sub	sp, sp, #32
 117              	.LCFI4:
 118              		.cfi_def_cfa_offset 56
  90:Src/stm32f4xx_hal_msp.c ****   GPIO_InitTypeDef GPIO_InitStruct = {0};
 119              		.loc 1 90 3 is_stmt 1 view .LVU17
 120              		.loc 1 90 20 is_stmt 0 view .LVU18
 121 0006 0023     		movs	r3, #0
 122 0008 0393     		str	r3, [sp, #12]
 123 000a 0493     		str	r3, [sp, #16]
 124 000c 0593     		str	r3, [sp, #20]
 125 000e 0693     		str	r3, [sp, #24]
 126 0010 0793     		str	r3, [sp, #28]
  91:Src/stm32f4xx_hal_msp.c ****   if(hqspi->Instance==QUADSPI)
 127              		.loc 1 91 3 is_stmt 1 view .LVU19
 128              		.loc 1 91 11 is_stmt 0 view .LVU20
 129 0012 0268     		ldr	r2, [r0]
 130              		.loc 1 91 5 view .LVU21
 131 0014 264B     		ldr	r3, .L9
 132 0016 9A42     		cmp	r2, r3
 133 0018 02D0     		beq	.L8
 134              	.LVL2:
 135              	.L5:
  92:Src/stm32f4xx_hal_msp.c ****   {
  93:Src/stm32f4xx_hal_msp.c ****   /* USER CODE BEGIN QUADSPI_MspInit 0 */
  94:Src/stm32f4xx_hal_msp.c **** 
  95:Src/stm32f4xx_hal_msp.c ****   /* USER CODE END QUADSPI_MspInit 0 */
  96:Src/stm32f4xx_hal_msp.c ****     /* Peripheral clock enable */
ARM GAS  C:\Users\Matheus\AppData\Local\Temp\ccmn29m8.s 			page 5


  97:Src/stm32f4xx_hal_msp.c ****     __HAL_RCC_QSPI_CLK_ENABLE();
  98:Src/stm32f4xx_hal_msp.c **** 
  99:Src/stm32f4xx_hal_msp.c ****     __HAL_RCC_GPIOB_CLK_ENABLE();
 100:Src/stm32f4xx_hal_msp.c ****     __HAL_RCC_GPIOC_CLK_ENABLE();
 101:Src/stm32f4xx_hal_msp.c ****     /**QUADSPI GPIO Configuration
 102:Src/stm32f4xx_hal_msp.c ****     PB2     ------> QUADSPI_CLK
 103:Src/stm32f4xx_hal_msp.c ****     PC9     ------> QUADSPI_BK1_IO0
 104:Src/stm32f4xx_hal_msp.c ****     PC10     ------> QUADSPI_BK1_IO1
 105:Src/stm32f4xx_hal_msp.c ****     PB6     ------> QUADSPI_BK1_NCS
 106:Src/stm32f4xx_hal_msp.c ****     */
 107:Src/stm32f4xx_hal_msp.c ****     GPIO_InitStruct.Pin = GPIO_PIN_2;
 108:Src/stm32f4xx_hal_msp.c ****     GPIO_InitStruct.Mode = GPIO_MODE_AF_PP;
 109:Src/stm32f4xx_hal_msp.c ****     GPIO_InitStruct.Pull = GPIO_NOPULL;
 110:Src/stm32f4xx_hal_msp.c ****     GPIO_InitStruct.Speed = GPIO_SPEED_FREQ_VERY_HIGH;
 111:Src/stm32f4xx_hal_msp.c ****     GPIO_InitStruct.Alternate = GPIO_AF9_QSPI;
 112:Src/stm32f4xx_hal_msp.c ****     HAL_GPIO_Init(GPIOB, &GPIO_InitStruct);
 113:Src/stm32f4xx_hal_msp.c **** 
 114:Src/stm32f4xx_hal_msp.c ****     GPIO_InitStruct.Pin = GPIO_PIN_9|GPIO_PIN_10;
 115:Src/stm32f4xx_hal_msp.c ****     GPIO_InitStruct.Mode = GPIO_MODE_AF_PP;
 116:Src/stm32f4xx_hal_msp.c ****     GPIO_InitStruct.Pull = GPIO_NOPULL;
 117:Src/stm32f4xx_hal_msp.c ****     GPIO_InitStruct.Speed = GPIO_SPEED_FREQ_VERY_HIGH;
 118:Src/stm32f4xx_hal_msp.c ****     GPIO_InitStruct.Alternate = GPIO_AF9_QSPI;
 119:Src/stm32f4xx_hal_msp.c ****     HAL_GPIO_Init(GPIOC, &GPIO_InitStruct);
 120:Src/stm32f4xx_hal_msp.c **** 
 121:Src/stm32f4xx_hal_msp.c ****     GPIO_InitStruct.Pin = GPIO_PIN_6;
 122:Src/stm32f4xx_hal_msp.c ****     GPIO_InitStruct.Mode = GPIO_MODE_AF_PP;
 123:Src/stm32f4xx_hal_msp.c ****     GPIO_InitStruct.Pull = GPIO_NOPULL;
 124:Src/stm32f4xx_hal_msp.c ****     GPIO_InitStruct.Speed = GPIO_SPEED_FREQ_VERY_HIGH;
 125:Src/stm32f4xx_hal_msp.c ****     GPIO_InitStruct.Alternate = GPIO_AF10_QSPI;
 126:Src/stm32f4xx_hal_msp.c ****     HAL_GPIO_Init(GPIOB, &GPIO_InitStruct);
 127:Src/stm32f4xx_hal_msp.c **** 
 128:Src/stm32f4xx_hal_msp.c ****   /* USER CODE BEGIN QUADSPI_MspInit 1 */
 129:Src/stm32f4xx_hal_msp.c **** 
 130:Src/stm32f4xx_hal_msp.c ****   /* USER CODE END QUADSPI_MspInit 1 */
 131:Src/stm32f4xx_hal_msp.c ****   }
 132:Src/stm32f4xx_hal_msp.c **** 
 133:Src/stm32f4xx_hal_msp.c **** }
 136              		.loc 1 133 1 view .LVU22
 137 001a 08B0     		add	sp, sp, #32
 138              	.LCFI5:
 139              		.cfi_remember_state
 140              		.cfi_def_cfa_offset 24
 141              		@ sp needed
 142 001c BDE8F081 		pop	{r4, r5, r6, r7, r8, pc}
 143              	.LVL3:
 144              	.L8:
 145              	.LCFI6:
 146              		.cfi_restore_state
  97:Src/stm32f4xx_hal_msp.c **** 
 147              		.loc 1 97 5 is_stmt 1 view .LVU23
 148              	.LBB4:
  97:Src/stm32f4xx_hal_msp.c **** 
 149              		.loc 1 97 5 view .LVU24
 150 0020 0024     		movs	r4, #0
 151 0022 0094     		str	r4, [sp]
  97:Src/stm32f4xx_hal_msp.c **** 
 152              		.loc 1 97 5 view .LVU25
ARM GAS  C:\Users\Matheus\AppData\Local\Temp\ccmn29m8.s 			page 6


 153 0024 234B     		ldr	r3, .L9+4
 154 0026 9A6B     		ldr	r2, [r3, #56]
 155 0028 42F00202 		orr	r2, r2, #2
 156 002c 9A63     		str	r2, [r3, #56]
  97:Src/stm32f4xx_hal_msp.c **** 
 157              		.loc 1 97 5 view .LVU26
 158 002e 9A6B     		ldr	r2, [r3, #56]
 159 0030 02F00202 		and	r2, r2, #2
 160 0034 0092     		str	r2, [sp]
  97:Src/stm32f4xx_hal_msp.c **** 
 161              		.loc 1 97 5 view .LVU27
 162 0036 009A     		ldr	r2, [sp]
 163              	.LBE4:
  97:Src/stm32f4xx_hal_msp.c **** 
 164              		.loc 1 97 5 view .LVU28
  99:Src/stm32f4xx_hal_msp.c ****     __HAL_RCC_GPIOC_CLK_ENABLE();
 165              		.loc 1 99 5 view .LVU29
 166              	.LBB5:
  99:Src/stm32f4xx_hal_msp.c ****     __HAL_RCC_GPIOC_CLK_ENABLE();
 167              		.loc 1 99 5 view .LVU30
 168 0038 0194     		str	r4, [sp, #4]
  99:Src/stm32f4xx_hal_msp.c ****     __HAL_RCC_GPIOC_CLK_ENABLE();
 169              		.loc 1 99 5 view .LVU31
 170 003a 1A6B     		ldr	r2, [r3, #48]
 171 003c 42F00202 		orr	r2, r2, #2
 172 0040 1A63     		str	r2, [r3, #48]
  99:Src/stm32f4xx_hal_msp.c ****     __HAL_RCC_GPIOC_CLK_ENABLE();
 173              		.loc 1 99 5 view .LVU32
 174 0042 1A6B     		ldr	r2, [r3, #48]
 175 0044 02F00202 		and	r2, r2, #2
 176 0048 0192     		str	r2, [sp, #4]
  99:Src/stm32f4xx_hal_msp.c ****     __HAL_RCC_GPIOC_CLK_ENABLE();
 177              		.loc 1 99 5 view .LVU33
 178 004a 019A     		ldr	r2, [sp, #4]
 179              	.LBE5:
  99:Src/stm32f4xx_hal_msp.c ****     __HAL_RCC_GPIOC_CLK_ENABLE();
 180              		.loc 1 99 5 view .LVU34
 100:Src/stm32f4xx_hal_msp.c ****     /**QUADSPI GPIO Configuration
 181              		.loc 1 100 5 view .LVU35
 182              	.LBB6:
 100:Src/stm32f4xx_hal_msp.c ****     /**QUADSPI GPIO Configuration
 183              		.loc 1 100 5 view .LVU36
 184 004c 0294     		str	r4, [sp, #8]
 100:Src/stm32f4xx_hal_msp.c ****     /**QUADSPI GPIO Configuration
 185              		.loc 1 100 5 view .LVU37
 186 004e 1A6B     		ldr	r2, [r3, #48]
 187 0050 42F00402 		orr	r2, r2, #4
 188 0054 1A63     		str	r2, [r3, #48]
 100:Src/stm32f4xx_hal_msp.c ****     /**QUADSPI GPIO Configuration
 189              		.loc 1 100 5 view .LVU38
 190 0056 1B6B     		ldr	r3, [r3, #48]
 191 0058 03F00403 		and	r3, r3, #4
 192 005c 0293     		str	r3, [sp, #8]
 100:Src/stm32f4xx_hal_msp.c ****     /**QUADSPI GPIO Configuration
 193              		.loc 1 100 5 view .LVU39
 194 005e 029B     		ldr	r3, [sp, #8]
 195              	.LBE6:
ARM GAS  C:\Users\Matheus\AppData\Local\Temp\ccmn29m8.s 			page 7


 100:Src/stm32f4xx_hal_msp.c ****     /**QUADSPI GPIO Configuration
 196              		.loc 1 100 5 view .LVU40
 107:Src/stm32f4xx_hal_msp.c ****     GPIO_InitStruct.Mode = GPIO_MODE_AF_PP;
 197              		.loc 1 107 5 view .LVU41
 107:Src/stm32f4xx_hal_msp.c ****     GPIO_InitStruct.Mode = GPIO_MODE_AF_PP;
 198              		.loc 1 107 25 is_stmt 0 view .LVU42
 199 0060 0423     		movs	r3, #4
 200 0062 0393     		str	r3, [sp, #12]
 108:Src/stm32f4xx_hal_msp.c ****     GPIO_InitStruct.Pull = GPIO_NOPULL;
 201              		.loc 1 108 5 is_stmt 1 view .LVU43
 108:Src/stm32f4xx_hal_msp.c ****     GPIO_InitStruct.Pull = GPIO_NOPULL;
 202              		.loc 1 108 26 is_stmt 0 view .LVU44
 203 0064 0226     		movs	r6, #2
 204 0066 0496     		str	r6, [sp, #16]
 109:Src/stm32f4xx_hal_msp.c ****     GPIO_InitStruct.Speed = GPIO_SPEED_FREQ_VERY_HIGH;
 205              		.loc 1 109 5 is_stmt 1 view .LVU45
 110:Src/stm32f4xx_hal_msp.c ****     GPIO_InitStruct.Alternate = GPIO_AF9_QSPI;
 206              		.loc 1 110 5 view .LVU46
 110:Src/stm32f4xx_hal_msp.c ****     GPIO_InitStruct.Alternate = GPIO_AF9_QSPI;
 207              		.loc 1 110 27 is_stmt 0 view .LVU47
 208 0068 0325     		movs	r5, #3
 209 006a 0695     		str	r5, [sp, #24]
 111:Src/stm32f4xx_hal_msp.c ****     HAL_GPIO_Init(GPIOB, &GPIO_InitStruct);
 210              		.loc 1 111 5 is_stmt 1 view .LVU48
 111:Src/stm32f4xx_hal_msp.c ****     HAL_GPIO_Init(GPIOB, &GPIO_InitStruct);
 211              		.loc 1 111 31 is_stmt 0 view .LVU49
 212 006c 4FF00908 		mov	r8, #9
 213 0070 CDF81C80 		str	r8, [sp, #28]
 112:Src/stm32f4xx_hal_msp.c **** 
 214              		.loc 1 112 5 is_stmt 1 view .LVU50
 215 0074 104F     		ldr	r7, .L9+8
 216 0076 03A9     		add	r1, sp, #12
 217 0078 3846     		mov	r0, r7
 218              	.LVL4:
 112:Src/stm32f4xx_hal_msp.c **** 
 219              		.loc 1 112 5 is_stmt 0 view .LVU51
 220 007a FFF7FEFF 		bl	HAL_GPIO_Init
 221              	.LVL5:
 114:Src/stm32f4xx_hal_msp.c ****     GPIO_InitStruct.Mode = GPIO_MODE_AF_PP;
 222              		.loc 1 114 5 is_stmt 1 view .LVU52
 114:Src/stm32f4xx_hal_msp.c ****     GPIO_InitStruct.Mode = GPIO_MODE_AF_PP;
 223              		.loc 1 114 25 is_stmt 0 view .LVU53
 224 007e 4FF4C063 		mov	r3, #1536
 225 0082 0393     		str	r3, [sp, #12]
 115:Src/stm32f4xx_hal_msp.c ****     GPIO_InitStruct.Pull = GPIO_NOPULL;
 226              		.loc 1 115 5 is_stmt 1 view .LVU54
 115:Src/stm32f4xx_hal_msp.c ****     GPIO_InitStruct.Pull = GPIO_NOPULL;
 227              		.loc 1 115 26 is_stmt 0 view .LVU55
 228 0084 0496     		str	r6, [sp, #16]
 116:Src/stm32f4xx_hal_msp.c ****     GPIO_InitStruct.Speed = GPIO_SPEED_FREQ_VERY_HIGH;
 229              		.loc 1 116 5 is_stmt 1 view .LVU56
 116:Src/stm32f4xx_hal_msp.c ****     GPIO_InitStruct.Speed = GPIO_SPEED_FREQ_VERY_HIGH;
 230              		.loc 1 116 26 is_stmt 0 view .LVU57
 231 0086 0594     		str	r4, [sp, #20]
 117:Src/stm32f4xx_hal_msp.c ****     GPIO_InitStruct.Alternate = GPIO_AF9_QSPI;
 232              		.loc 1 117 5 is_stmt 1 view .LVU58
 117:Src/stm32f4xx_hal_msp.c ****     GPIO_InitStruct.Alternate = GPIO_AF9_QSPI;
ARM GAS  C:\Users\Matheus\AppData\Local\Temp\ccmn29m8.s 			page 8


 233              		.loc 1 117 27 is_stmt 0 view .LVU59
 234 0088 0695     		str	r5, [sp, #24]
 118:Src/stm32f4xx_hal_msp.c ****     HAL_GPIO_Init(GPIOC, &GPIO_InitStruct);
 235              		.loc 1 118 5 is_stmt 1 view .LVU60
 118:Src/stm32f4xx_hal_msp.c ****     HAL_GPIO_Init(GPIOC, &GPIO_InitStruct);
 236              		.loc 1 118 31 is_stmt 0 view .LVU61
 237 008a CDF81C80 		str	r8, [sp, #28]
 119:Src/stm32f4xx_hal_msp.c **** 
 238              		.loc 1 119 5 is_stmt 1 view .LVU62
 239 008e 03A9     		add	r1, sp, #12
 240 0090 0A48     		ldr	r0, .L9+12
 241 0092 FFF7FEFF 		bl	HAL_GPIO_Init
 242              	.LVL6:
 121:Src/stm32f4xx_hal_msp.c ****     GPIO_InitStruct.Mode = GPIO_MODE_AF_PP;
 243              		.loc 1 121 5 view .LVU63
 121:Src/stm32f4xx_hal_msp.c ****     GPIO_InitStruct.Mode = GPIO_MODE_AF_PP;
 244              		.loc 1 121 25 is_stmt 0 view .LVU64
 245 0096 4023     		movs	r3, #64
 246 0098 0393     		str	r3, [sp, #12]
 122:Src/stm32f4xx_hal_msp.c ****     GPIO_InitStruct.Pull = GPIO_NOPULL;
 247              		.loc 1 122 5 is_stmt 1 view .LVU65
 122:Src/stm32f4xx_hal_msp.c ****     GPIO_InitStruct.Pull = GPIO_NOPULL;
 248              		.loc 1 122 26 is_stmt 0 view .LVU66
 249 009a 0496     		str	r6, [sp, #16]
 123:Src/stm32f4xx_hal_msp.c ****     GPIO_InitStruct.Speed = GPIO_SPEED_FREQ_VERY_HIGH;
 250              		.loc 1 123 5 is_stmt 1 view .LVU67
 123:Src/stm32f4xx_hal_msp.c ****     GPIO_InitStruct.Speed = GPIO_SPEED_FREQ_VERY_HIGH;
 251              		.loc 1 123 26 is_stmt 0 view .LVU68
 252 009c 0594     		str	r4, [sp, #20]
 124:Src/stm32f4xx_hal_msp.c ****     GPIO_InitStruct.Alternate = GPIO_AF10_QSPI;
 253              		.loc 1 124 5 is_stmt 1 view .LVU69
 124:Src/stm32f4xx_hal_msp.c ****     GPIO_InitStruct.Alternate = GPIO_AF10_QSPI;
 254              		.loc 1 124 27 is_stmt 0 view .LVU70
 255 009e 0695     		str	r5, [sp, #24]
 125:Src/stm32f4xx_hal_msp.c ****     HAL_GPIO_Init(GPIOB, &GPIO_InitStruct);
 256              		.loc 1 125 5 is_stmt 1 view .LVU71
 125:Src/stm32f4xx_hal_msp.c ****     HAL_GPIO_Init(GPIOB, &GPIO_InitStruct);
 257              		.loc 1 125 31 is_stmt 0 view .LVU72
 258 00a0 0A23     		movs	r3, #10
 259 00a2 0793     		str	r3, [sp, #28]
 126:Src/stm32f4xx_hal_msp.c **** 
 260              		.loc 1 126 5 is_stmt 1 view .LVU73
 261 00a4 03A9     		add	r1, sp, #12
 262 00a6 3846     		mov	r0, r7
 263 00a8 FFF7FEFF 		bl	HAL_GPIO_Init
 264              	.LVL7:
 265              		.loc 1 133 1 is_stmt 0 view .LVU74
 266 00ac B5E7     		b	.L5
 267              	.L10:
 268 00ae 00BF     		.align	2
 269              	.L9:
 270 00b0 001000A0 		.word	-1610608640
 271 00b4 00380240 		.word	1073887232
 272 00b8 00040240 		.word	1073873920
 273 00bc 00080240 		.word	1073874944
 274              		.cfi_endproc
 275              	.LFE135:
ARM GAS  C:\Users\Matheus\AppData\Local\Temp\ccmn29m8.s 			page 9


 277              		.section	.text.HAL_QSPI_MspDeInit,"ax",%progbits
 278              		.align	1
 279              		.global	HAL_QSPI_MspDeInit
 280              		.syntax unified
 281              		.thumb
 282              		.thumb_func
 284              	HAL_QSPI_MspDeInit:
 285              	.LVL8:
 286              	.LFB136:
 134:Src/stm32f4xx_hal_msp.c **** 
 135:Src/stm32f4xx_hal_msp.c **** /**
 136:Src/stm32f4xx_hal_msp.c **** * @brief QSPI MSP De-Initialization
 137:Src/stm32f4xx_hal_msp.c **** * This function freeze the hardware resources used in this example
 138:Src/stm32f4xx_hal_msp.c **** * @param hqspi: QSPI handle pointer
 139:Src/stm32f4xx_hal_msp.c **** * @retval None
 140:Src/stm32f4xx_hal_msp.c **** */
 141:Src/stm32f4xx_hal_msp.c **** void HAL_QSPI_MspDeInit(QSPI_HandleTypeDef* hqspi)
 142:Src/stm32f4xx_hal_msp.c **** {
 287              		.loc 1 142 1 is_stmt 1 view -0
 288              		.cfi_startproc
 289              		@ args = 0, pretend = 0, frame = 0
 290              		@ frame_needed = 0, uses_anonymous_args = 0
 291              		.loc 1 142 1 is_stmt 0 view .LVU76
 292 0000 08B5     		push	{r3, lr}
 293              	.LCFI7:
 294              		.cfi_def_cfa_offset 8
 295              		.cfi_offset 3, -8
 296              		.cfi_offset 14, -4
 143:Src/stm32f4xx_hal_msp.c ****   if(hqspi->Instance==QUADSPI)
 297              		.loc 1 143 3 is_stmt 1 view .LVU77
 298              		.loc 1 143 11 is_stmt 0 view .LVU78
 299 0002 0268     		ldr	r2, [r0]
 300              		.loc 1 143 5 view .LVU79
 301 0004 094B     		ldr	r3, .L15
 302 0006 9A42     		cmp	r2, r3
 303 0008 00D0     		beq	.L14
 304              	.LVL9:
 305              	.L11:
 144:Src/stm32f4xx_hal_msp.c ****   {
 145:Src/stm32f4xx_hal_msp.c ****   /* USER CODE BEGIN QUADSPI_MspDeInit 0 */
 146:Src/stm32f4xx_hal_msp.c **** 
 147:Src/stm32f4xx_hal_msp.c ****   /* USER CODE END QUADSPI_MspDeInit 0 */
 148:Src/stm32f4xx_hal_msp.c ****     /* Peripheral clock disable */
 149:Src/stm32f4xx_hal_msp.c ****     __HAL_RCC_QSPI_CLK_DISABLE();
 150:Src/stm32f4xx_hal_msp.c **** 
 151:Src/stm32f4xx_hal_msp.c ****     /**QUADSPI GPIO Configuration
 152:Src/stm32f4xx_hal_msp.c ****     PB2     ------> QUADSPI_CLK
 153:Src/stm32f4xx_hal_msp.c ****     PC9     ------> QUADSPI_BK1_IO0
 154:Src/stm32f4xx_hal_msp.c ****     PC10     ------> QUADSPI_BK1_IO1
 155:Src/stm32f4xx_hal_msp.c ****     PB6     ------> QUADSPI_BK1_NCS
 156:Src/stm32f4xx_hal_msp.c ****     */
 157:Src/stm32f4xx_hal_msp.c ****     HAL_GPIO_DeInit(GPIOB, GPIO_PIN_2|GPIO_PIN_6);
 158:Src/stm32f4xx_hal_msp.c **** 
 159:Src/stm32f4xx_hal_msp.c ****     HAL_GPIO_DeInit(GPIOC, GPIO_PIN_9|GPIO_PIN_10);
 160:Src/stm32f4xx_hal_msp.c **** 
 161:Src/stm32f4xx_hal_msp.c ****   /* USER CODE BEGIN QUADSPI_MspDeInit 1 */
 162:Src/stm32f4xx_hal_msp.c **** 
ARM GAS  C:\Users\Matheus\AppData\Local\Temp\ccmn29m8.s 			page 10


 163:Src/stm32f4xx_hal_msp.c ****   /* USER CODE END QUADSPI_MspDeInit 1 */
 164:Src/stm32f4xx_hal_msp.c ****   }
 165:Src/stm32f4xx_hal_msp.c **** 
 166:Src/stm32f4xx_hal_msp.c **** }
 306              		.loc 1 166 1 view .LVU80
 307 000a 08BD     		pop	{r3, pc}
 308              	.LVL10:
 309              	.L14:
 149:Src/stm32f4xx_hal_msp.c **** 
 310              		.loc 1 149 5 is_stmt 1 view .LVU81
 311 000c 084A     		ldr	r2, .L15+4
 312 000e 936B     		ldr	r3, [r2, #56]
 313 0010 23F00203 		bic	r3, r3, #2
 314 0014 9363     		str	r3, [r2, #56]
 157:Src/stm32f4xx_hal_msp.c **** 
 315              		.loc 1 157 5 view .LVU82
 316 0016 4421     		movs	r1, #68
 317 0018 0648     		ldr	r0, .L15+8
 318              	.LVL11:
 157:Src/stm32f4xx_hal_msp.c **** 
 319              		.loc 1 157 5 is_stmt 0 view .LVU83
 320 001a FFF7FEFF 		bl	HAL_GPIO_DeInit
 321              	.LVL12:
 159:Src/stm32f4xx_hal_msp.c **** 
 322              		.loc 1 159 5 is_stmt 1 view .LVU84
 323 001e 4FF4C061 		mov	r1, #1536
 324 0022 0548     		ldr	r0, .L15+12
 325 0024 FFF7FEFF 		bl	HAL_GPIO_DeInit
 326              	.LVL13:
 327              		.loc 1 166 1 is_stmt 0 view .LVU85
 328 0028 EFE7     		b	.L11
 329              	.L16:
 330 002a 00BF     		.align	2
 331              	.L15:
 332 002c 001000A0 		.word	-1610608640
 333 0030 00380240 		.word	1073887232
 334 0034 00040240 		.word	1073873920
 335 0038 00080240 		.word	1073874944
 336              		.cfi_endproc
 337              	.LFE136:
 339              		.text
 340              	.Letext0:
 341              		.file 2 "Drivers/CMSIS/Device/ST/STM32F4xx/Include/stm32f446xx.h"
 342              		.file 3 "C:/Program Files (x86)/Arm GNU Toolchain arm-none-eabi/13.2 Rel1/arm-none-eabi/include/ma
 343              		.file 4 "C:/Program Files (x86)/Arm GNU Toolchain arm-none-eabi/13.2 Rel1/arm-none-eabi/include/sy
 344              		.file 5 "Drivers/STM32F4xx_HAL_Driver/Inc/stm32f4xx_hal_def.h"
 345              		.file 6 "Drivers/STM32F4xx_HAL_Driver/Inc/stm32f4xx_hal_gpio.h"
 346              		.file 7 "Drivers/STM32F4xx_HAL_Driver/Inc/stm32f4xx_hal_dma.h"
 347              		.file 8 "Drivers/STM32F4xx_HAL_Driver/Inc/stm32f4xx_hal_qspi.h"
 348              		.file 9 "Drivers/STM32F4xx_HAL_Driver/Inc/stm32f4xx_hal_cortex.h"
ARM GAS  C:\Users\Matheus\AppData\Local\Temp\ccmn29m8.s 			page 11


DEFINED SYMBOLS
                            *ABS*:00000000 stm32f4xx_hal_msp.c
C:\Users\Matheus\AppData\Local\Temp\ccmn29m8.s:21     .text.HAL_MspInit:00000000 $t
C:\Users\Matheus\AppData\Local\Temp\ccmn29m8.s:27     .text.HAL_MspInit:00000000 HAL_MspInit
C:\Users\Matheus\AppData\Local\Temp\ccmn29m8.s:88     .text.HAL_MspInit:00000040 $d
C:\Users\Matheus\AppData\Local\Temp\ccmn29m8.s:93     .text.HAL_QSPI_MspInit:00000000 $t
C:\Users\Matheus\AppData\Local\Temp\ccmn29m8.s:99     .text.HAL_QSPI_MspInit:00000000 HAL_QSPI_MspInit
C:\Users\Matheus\AppData\Local\Temp\ccmn29m8.s:270    .text.HAL_QSPI_MspInit:000000b0 $d
C:\Users\Matheus\AppData\Local\Temp\ccmn29m8.s:278    .text.HAL_QSPI_MspDeInit:00000000 $t
C:\Users\Matheus\AppData\Local\Temp\ccmn29m8.s:284    .text.HAL_QSPI_MspDeInit:00000000 HAL_QSPI_MspDeInit
C:\Users\Matheus\AppData\Local\Temp\ccmn29m8.s:332    .text.HAL_QSPI_MspDeInit:0000002c $d

UNDEFINED SYMBOLS
HAL_NVIC_SetPriority
HAL_GPIO_Init
HAL_GPIO_DeInit
