2024-05-03 20:24:56,482 [INFO] Activator:176 - 


2024-05-03 20:24:56,485 [INFO] Activator:177 - !SESSION log4j initialized
2024-05-03 20:25:00,698 [INFO] LogOutputStream:77 - [STDOUT_REDIRECT] 
2024-05-03 20:25:03,423 [INFO] ApplicationProperties:184 - Using Application install path: C:\ST\STM32CubeIDE_1.14.1\STM32CubeIDE\plugins\com.st.stm32cube.common.mx_6.10.0.202311202037
2024-05-03 20:25:03,442 [INFO] DbMcusXml:78 - Set database path to: C:\ST\STM32CubeIDE_1.14.1\STM32CubeIDE\plugins\com.st.stm32cube.common.mx_6.10.0.202311202037\\db\/mcu/
2024-05-03 20:25:03,442 [INFO] ApiDb:274 - Set plugin database path to: C:\ST\STM32CubeIDE_1.14.1\STM32CubeIDE\plugins\com.st.stm32cube.common.mx_6.10.0.202311202037\\db\/plugins/boardmanager/
2024-05-03 20:25:03,443 [WARN] ApiDb:259 - Overriding images path with different value:  => C:\ST\STM32CubeIDE_1.14.1\STM32CubeIDE\plugins\com.st.stm32cube.common.mx_6.10.0.202311202037\\db\/plugins/mcufinder/images/
2024-05-03 20:25:03,459 [INFO] ApiDb:250 - Set database path to: C:\Users\danis\.stmcufinder\plugins\mcufinder//mcu/
2024-05-03 20:25:03,461 [INFO] DbMcusAds:125 - Set database path to: C:\Users\danis\.stmcufinder\plugins\mcufinder//mcu/
2024-05-03 20:25:03,463 [INFO] CrossReferenceDbSqlite:203 - Set database path to: C:\Users\danis\.stmcufinder\plugins\mcufinder//mcu/cs/
2024-05-03 20:25:03,645 [INFO] RulesReader:64 - Compatibility file has been processed (297 Rules)
2024-05-03 20:25:03,833 [INFO] DbMcusXml:78 - Set database path to: C:\ST\STM32CubeIDE_1.14.1\STM32CubeIDE\plugins\com.st.stm32cube.common.mx_6.10.0.202311202037\\db\/mcu/
2024-05-03 20:25:03,833 [INFO] ApiDb:274 - Set plugin database path to: C:\ST\STM32CubeIDE_1.14.1\STM32CubeIDE\plugins\com.st.stm32cube.common.mx_6.10.0.202311202037\\db\/plugins/boardmanager/
2024-05-03 20:25:03,834 [INFO] ApiDb:261 - Set plugin images path to: C:\ST\STM32CubeIDE_1.14.1\STM32CubeIDE\plugins\com.st.stm32cube.common.mx_6.10.0.202311202037\\db\/plugins/mcufinder/images/
2024-05-03 20:25:03,834 [WARN] DbFile:41 - Overriding database path with different value: C:\Users\danis\.stmcufinder\plugins\mcufinder/ => C:\Users\danis\.stmcufinder\plugins\mcufinder
2024-05-03 20:25:03,834 [INFO] ApiDb:250 - Set database path to: C:\Users\danis\.stmcufinder\plugins\mcufinder//mcu/
2024-05-03 20:25:03,834 [WARN] DbFile:41 - Overriding database path with different value: C:\Users\danis\.stmcufinder\plugins\mcufinder/ => C:\Users\danis\.stmcufinder\plugins\mcufinder
2024-05-03 20:25:03,834 [INFO] DbMcusAds:125 - Set database path to: C:\Users\danis\.stmcufinder\plugins\mcufinder//mcu/
2024-05-03 20:25:03,834 [WARN] DbFile:41 - Overriding database path with different value: C:\Users\danis\.stmcufinder\plugins\mcufinder/ => C:\Users\danis\.stmcufinder\plugins\mcufinder
2024-05-03 20:25:03,834 [WARN] DbFile:41 - Overriding database path with different value: C:\Users\danis\.stmcufinder\plugins\mcufinder/ => C:\Users\danis\.stmcufinder\plugins\mcufinder
2024-05-03 20:25:03,835 [INFO] CrossReferenceDbSqlite:203 - Set database path to: C:\Users\danis\.stmcufinder\plugins\mcufinder//mcu/cs/
2024-05-03 20:25:03,936 [INFO] MainPanel:264 - HeapMemory: 268435456
2024-05-03 20:25:04,064 [INFO] DbMcusXml:78 - Set database path to: C:\ST\STM32CubeIDE_1.14.1\STM32CubeIDE\plugins\com.st.stm32cube.common.mx_6.10.0.202311202037\\db\/mcu/
2024-05-03 20:25:04,065 [INFO] ApiDb:274 - Set plugin database path to: C:\ST\STM32CubeIDE_1.14.1\STM32CubeIDE\plugins\com.st.stm32cube.common.mx_6.10.0.202311202037\\db\/plugins/boardmanager/
2024-05-03 20:25:04,065 [INFO] ApiDb:261 - Set plugin images path to: C:\ST\STM32CubeIDE_1.14.1\STM32CubeIDE\plugins\com.st.stm32cube.common.mx_6.10.0.202311202037\\db\/plugins/mcufinder/images/
2024-05-03 20:25:04,065 [WARN] DbFile:41 - Overriding database path with different value: C:\Users\danis\.stmcufinder\plugins\mcufinder/ => C:\Users\danis\.stmcufinder\plugins\mcufinder
2024-05-03 20:25:04,065 [INFO] ApiDb:250 - Set database path to: C:\Users\danis\.stmcufinder\plugins\mcufinder//mcu/
2024-05-03 20:25:04,065 [WARN] DbFile:41 - Overriding database path with different value: C:\Users\danis\.stmcufinder\plugins\mcufinder/ => C:\Users\danis\.stmcufinder\plugins\mcufinder
2024-05-03 20:25:04,065 [INFO] DbMcusAds:125 - Set database path to: C:\Users\danis\.stmcufinder\plugins\mcufinder//mcu/
2024-05-03 20:25:04,067 [WARN] DbFile:41 - Overriding database path with different value: C:\Users\danis\.stmcufinder\plugins\mcufinder/ => C:\Users\danis\.stmcufinder\plugins\mcufinder
2024-05-03 20:25:04,067 [WARN] DbFile:41 - Overriding database path with different value: C:\Users\danis\.stmcufinder\plugins\mcufinder/ => C:\Users\danis\.stmcufinder\plugins\mcufinder
2024-05-03 20:25:04,067 [INFO] CrossReferenceDbSqlite:203 - Set database path to: C:\Users\danis\.stmcufinder\plugins\mcufinder//mcu/cs/
2024-05-03 20:25:04,093 [INFO] ApplicationProperties:184 - Using Application install path: C:\ST\STM32CubeIDE_1.14.1\STM32CubeIDE\plugins\com.st.stm32cube.common.mx_6.10.0.202311202037
2024-05-03 20:25:04,095 [INFO] PluginManage:196 - Search for loadable plugins [exclusion list=, ]
2024-05-03 20:25:04,098 [INFO] PluginManage:310 - Check plugin analytics
2024-05-03 20:25:04,330 [INFO] AnalyticsPlugin:253 - Accepted Software Licenses: STM32CubeMX.6.10.0
2024-05-03 20:25:04,330 [INFO] AnalyticsPlugin:255 - Accepted CMSIS Pack Licenses: 
2024-05-03 20:25:04,330 [INFO] AnalyticsPlugin:257 - Accepted Firmware Licenses: FW.F4.1.28.0
2024-05-03 20:25:04,336 [INFO] PluginManage:359 - Loaded plugin analytics (category:tool,tabindex:-1)
2024-05-03 20:25:04,336 [INFO] PluginManage:310 - Check plugin cadmodel
2024-05-03 20:25:04,354 [INFO] CADModel:105 - Init CAD model plugin
2024-05-03 20:25:04,354 [INFO] PluginManage:359 - Loaded plugin cadmodel (category:power,tabindex:5)
2024-05-03 20:25:04,354 [INFO] PluginManage:310 - Check plugin clock
2024-05-03 20:25:04,377 [INFO] PluginManage:359 - Loaded plugin clock (category:base,tabindex:2)
2024-05-03 20:25:04,377 [INFO] PluginManage:310 - Check plugin ddr
2024-05-03 20:25:04,379 [INFO] PluginManage:359 - Loaded plugin ddr (category:tool,tabindex:6)
2024-05-03 20:25:04,381 [INFO] PluginManage:310 - Check plugin filemanager
2024-05-03 20:25:04,566 [INFO] PluginManage:359 - Loaded plugin filemanager (category:base,tabindex:10)
2024-05-03 20:25:04,566 [INFO] PluginManage:310 - Check plugin ipmanager
2024-05-03 20:25:04,573 [INFO] PluginManage:359 - Loaded plugin ipmanager (category:base,tabindex:5)
2024-05-03 20:25:04,574 [INFO] PluginManage:310 - Check plugin lpbam
2024-05-03 20:25:04,594 [INFO] PluginManage:359 - Loaded plugin lpbam (category:base,tabindex:0)
2024-05-03 20:25:04,595 [INFO] PluginManage:310 - Check plugin memorymap
2024-05-03 20:25:04,625 [INFO] PluginManage:359 - Loaded plugin memorymap (category:base,tabindex:4)
2024-05-03 20:25:04,625 [INFO] PluginManage:310 - Check plugin pinoutandconfiguration
2024-05-03 20:25:04,644 [INFO] PluginManage:359 - Loaded plugin pinoutandconfiguration (category:base,tabindex:1)
2024-05-03 20:25:04,644 [INFO] PluginManage:310 - Check plugin pinoutconfig
2024-05-03 20:25:04,761 [WARN] SupportedApi:132 - Cannot load RTOS API schema: s4s-elt-must-match.1: The content of 'definitions' must match (annotation?, (simpleType | complexType)?, (unique | key | keyref)*)). A problem was found starting at: attribute.
2024-05-03 20:25:04,919 [INFO] PluginManage:359 - Loaded plugin pinoutconfig (category:base,tabindex:0)
2024-05-03 20:25:04,919 [INFO] PluginManage:310 - Check plugin power
2024-05-03 20:25:04,942 [INFO] PluginManage:359 - Loaded plugin power (category:power,tabindex:4)
2024-05-03 20:25:04,942 [INFO] PluginManage:310 - Check plugin projectmanager
2024-05-03 20:25:04,961 [INFO] PluginManage:359 - Loaded plugin projectmanager (category:projectmanager,tabindex:3)
2024-05-03 20:25:04,961 [INFO] PluginManage:310 - Check plugin thirdparty
2024-05-03 20:25:05,300 [INFO] PluginManage:359 - Loaded plugin thirdparty (category:base,tabindex:-1)
2024-05-03 20:25:05,301 [INFO] PluginManage:310 - Check plugin tools
2024-05-03 20:25:05,300 [WARN] IntegrityCheckThread:84 - waiting for thirdparty lock release [integrity check]
2024-05-03 20:25:05,301 [INFO] IntegrityCheckThread:86 - entering critical section [integrity check]
2024-05-03 20:25:05,301 [INFO] ThirdPartyUpdaterWithRetryManager:70 - Updater plugin not ready yet. [1/15]
2024-05-03 20:25:05,332 [INFO] PluginManage:359 - Loaded plugin tools (category:base,tabindex:7)
2024-05-03 20:25:05,332 [INFO] PluginManage:310 - Check plugin tutovideos
2024-05-03 20:25:05,531 [INFO] PluginManage:359 - Loaded plugin tutovideos (category:base,tabindex:-1)
2024-05-03 20:25:05,531 [INFO] PluginManage:310 - Check plugin updater
2024-05-03 20:25:05,548 [INFO] PluginManage:359 - Loaded plugin updater (category:base,tabindex:12)
2024-05-03 20:25:05,548 [INFO] PluginManage:310 - Check plugin userauth
2024-05-03 20:25:05,555 [INFO] UserAuth:114 - Init User Auth plugin
2024-05-03 20:25:05,555 [INFO] PluginManage:359 - Loaded plugin userauth (category:base,tabindex:14)
2024-05-03 20:25:05,555 [INFO] PluginManage:283 - PluginManage : Loaded plugins [17]
2024-05-03 20:25:05,817 [INFO] PinOutPanel:1499 - setPackage(No Configuration,No Configuration)
2024-05-03 20:25:05,897 [INFO] CADModel:165 - CPN selected for project level
2024-05-03 20:25:05,897 [INFO] CADModel:114 - Register for checkConnection events
2024-05-03 20:25:05,923 [INFO] IPUIPlugin:80 - create IPUIPlugin
2024-05-03 20:25:05,924 [INFO] PluginManager:220 - loadIPPluginJar : add adc
2024-05-03 20:25:05,957 [INFO] IPUIPlugin:80 - create IPUIPlugin
2024-05-03 20:25:05,958 [INFO] PluginManager:220 - loadIPPluginJar : add aes
2024-05-03 20:25:05,995 [INFO] IPUIPlugin:80 - create IPUIPlugin
2024-05-03 20:25:05,995 [INFO] PluginManager:220 - loadIPPluginJar : add can
2024-05-03 20:25:06,014 [INFO] IPUIPlugin:80 - create IPUIPlugin
2024-05-03 20:25:06,014 [INFO] PluginManager:220 - loadIPPluginJar : add comp
2024-05-03 20:25:06,045 [INFO] IPUIPlugin:80 - create IPUIPlugin
2024-05-03 20:25:06,046 [INFO] PluginManager:220 - loadIPPluginJar : add cryp
2024-05-03 20:25:06,073 [INFO] IPUIPlugin:80 - create IPUIPlugin
2024-05-03 20:25:06,073 [INFO] PluginManager:220 - loadIPPluginJar : add dfsdm
2024-05-03 20:25:06,086 [INFO] IPUIPlugin:80 - create IPUIPlugin
2024-05-03 20:25:06,086 [INFO] PluginManager:220 - loadIPPluginJar : add dma
2024-05-03 20:25:06,137 [INFO] IPUIPlugin:80 - create IPUIPlugin
2024-05-03 20:25:06,137 [INFO] PluginManager:220 - loadIPPluginJar : add dma3
2024-05-03 20:25:06,159 [INFO] IPUIPlugin:80 - create IPUIPlugin
2024-05-03 20:25:06,159 [INFO] PluginManager:220 - loadIPPluginJar : add fatfs
2024-05-03 20:25:06,207 [INFO] IPUIPlugin:80 - create IPUIPlugin
2024-05-03 20:25:06,207 [INFO] PluginManager:220 - loadIPPluginJar : add fmc
2024-05-03 20:25:06,223 [INFO] IPUIPlugin:80 - create IPUIPlugin
2024-05-03 20:25:06,223 [INFO] PluginManager:220 - loadIPPluginJar : add freertos
2024-05-03 20:25:06,241 [INFO] IPUIPlugin:80 - create IPUIPlugin
2024-05-03 20:25:06,241 [INFO] PluginManager:220 - loadIPPluginJar : add genericplugin
2024-05-03 20:25:06,317 [INFO] IPUIPlugin:80 - create IPUIPlugin
2024-05-03 20:25:06,317 [INFO] PluginManager:220 - loadIPPluginJar : add gfxmmu
2024-05-03 20:25:06,443 [INFO] IPUIPlugin:80 - create IPUIPlugin
2024-05-03 20:25:06,444 [INFO] PluginManager:220 - loadIPPluginJar : add gic
2024-05-03 20:25:06,458 [INFO] IPUIPlugin:80 - create IPUIPlugin
2024-05-03 20:25:06,458 [INFO] PluginManager:220 - loadIPPluginJar : add gpio
2024-05-03 20:25:06,585 [INFO] IPUIPlugin:80 - create IPUIPlugin
2024-05-03 20:25:06,586 [INFO] PluginManager:220 - loadIPPluginJar : add gtzc
2024-05-03 20:25:06,633 [INFO] IPUIPlugin:80 - create IPUIPlugin
2024-05-03 20:25:06,633 [INFO] PluginManager:220 - loadIPPluginJar : add hash
2024-05-03 20:25:06,730 [INFO] IPUIPlugin:80 - create IPUIPlugin
2024-05-03 20:25:06,731 [INFO] PluginManager:220 - loadIPPluginJar : add i2c
2024-05-03 20:25:06,787 [INFO] IPUIPlugin:80 - create IPUIPlugin
2024-05-03 20:25:06,787 [INFO] PluginManager:220 - loadIPPluginJar : add i2s
2024-05-03 20:25:06,839 [INFO] IPUIPlugin:80 - create IPUIPlugin
2024-05-03 20:25:06,839 [INFO] PluginManager:220 - loadIPPluginJar : add i3c
2024-05-03 20:25:06,953 [INFO] IPUIPlugin:80 - create IPUIPlugin
2024-05-03 20:25:06,953 [INFO] PluginManager:220 - loadIPPluginJar : add ipddr
2024-05-03 20:25:07,091 [INFO] IPUIPlugin:80 - create IPUIPlugin
2024-05-03 20:25:07,091 [INFO] PluginManager:220 - loadIPPluginJar : add linkedlist
2024-05-03 20:25:07,131 [INFO] IPUIPlugin:80 - create IPUIPlugin
2024-05-03 20:25:07,131 [INFO] PluginManager:220 - loadIPPluginJar : add lorawan
2024-05-03 20:25:07,181 [INFO] IPUIPlugin:80 - create IPUIPlugin
2024-05-03 20:25:07,181 [INFO] PluginManager:220 - loadIPPluginJar : add ltdc
2024-05-03 20:25:07,207 [INFO] IPUIPlugin:80 - create IPUIPlugin
2024-05-03 20:25:07,207 [INFO] PluginManager:220 - loadIPPluginJar : add mdma
2024-05-03 20:25:07,229 [INFO] IPUIPlugin:80 - create IPUIPlugin
2024-05-03 20:25:07,229 [INFO] PluginManager:220 - loadIPPluginJar : add nvic
2024-05-03 20:25:07,270 [INFO] IPUIPlugin:80 - create IPUIPlugin
2024-05-03 20:25:07,271 [INFO] PluginManager:220 - loadIPPluginJar : add opamp
2024-05-03 20:25:07,336 [INFO] IPUIPlugin:80 - create IPUIPlugin
2024-05-03 20:25:07,336 [INFO] PluginManager:220 - loadIPPluginJar : add openamp
2024-05-03 20:25:07,381 [INFO] IPUIPlugin:80 - create IPUIPlugin
2024-05-03 20:25:07,381 [INFO] PluginManager:220 - loadIPPluginJar : add pdm2pcm
2024-05-03 20:25:07,396 [INFO] IPUIPlugin:80 - create IPUIPlugin
2024-05-03 20:25:07,398 [INFO] PluginManager:220 - loadIPPluginJar : add plateformsettings
2024-05-03 20:25:07,421 [INFO] IPUIPlugin:80 - create IPUIPlugin
2024-05-03 20:25:07,421 [INFO] PluginManager:220 - loadIPPluginJar : add quadspi
2024-05-03 20:25:07,434 [INFO] IPUIPlugin:80 - create IPUIPlugin
2024-05-03 20:25:07,434 [INFO] PluginManager:220 - loadIPPluginJar : add resmgrutility
2024-05-03 20:25:07,485 [INFO] IPUIPlugin:80 - create IPUIPlugin
2024-05-03 20:25:07,485 [INFO] PluginManager:220 - loadIPPluginJar : add sai
2024-05-03 20:25:07,521 [INFO] IPUIPlugin:80 - create IPUIPlugin
2024-05-03 20:25:07,522 [INFO] PluginManager:220 - loadIPPluginJar : add spi
2024-05-03 20:25:07,595 [INFO] IPUIPlugin:80 - create IPUIPlugin
2024-05-03 20:25:07,595 [INFO] PluginManager:220 - loadIPPluginJar : add stm32_wpan
2024-05-03 20:25:07,621 [INFO] IPUIPlugin:80 - create IPUIPlugin
2024-05-03 20:25:07,622 [INFO] PluginManager:220 - loadIPPluginJar : add tim
2024-05-03 20:25:07,717 [INFO] IPUIPlugin:80 - create IPUIPlugin
2024-05-03 20:25:07,717 [INFO] PluginManager:220 - loadIPPluginJar : add touchsensing
2024-05-03 20:25:07,756 [INFO] IPUIPlugin:80 - create IPUIPlugin
2024-05-03 20:25:07,756 [INFO] PluginManager:220 - loadIPPluginJar : add tracer_emb
2024-05-03 20:25:07,803 [INFO] IPUIPlugin:80 - create IPUIPlugin
2024-05-03 20:25:07,803 [INFO] PluginManager:220 - loadIPPluginJar : add ts
2024-05-03 20:25:07,838 [INFO] IPUIPlugin:80 - create IPUIPlugin
2024-05-03 20:25:07,838 [INFO] PluginManager:220 - loadIPPluginJar : add tsc
2024-05-03 20:25:07,870 [INFO] IPUIPlugin:80 - create IPUIPlugin
2024-05-03 20:25:07,871 [INFO] PluginManager:220 - loadIPPluginJar : add ucpd
2024-05-03 20:25:07,935 [INFO] IPUIPlugin:80 - create IPUIPlugin
2024-05-03 20:25:07,935 [INFO] PluginManager:220 - loadIPPluginJar : add usart
2024-05-03 20:25:08,000 [INFO] IPUIPlugin:80 - create IPUIPlugin
2024-05-03 20:25:08,000 [INFO] PluginManager:220 - loadIPPluginJar : add usbx
2024-05-03 20:25:08,140 [INFO] CADModel:165 - CPN selected for project level
2024-05-03 20:25:08,140 [INFO] CADModel:114 - Register for checkConnection events
2024-05-03 20:25:08,141 [FATAL] Updater:308 - Updater called before beeing initialized
2024-05-03 20:25:08,141 [ERROR] CADModel:125 - Updater not yet initialized, retry later 
2024-05-03 20:25:08,303 [INFO] ThirdPartyUpdaterWithRetryManager:70 - Updater plugin not ready yet. [2/15]
2024-05-03 20:25:08,311 [INFO] CADModel:165 - CPN selected for project level
2024-05-03 20:25:08,311 [INFO] CADModel:114 - Register for checkConnection events
2024-05-03 20:25:08,311 [FATAL] Updater:308 - Updater called before beeing initialized
2024-05-03 20:25:08,311 [ERROR] CADModel:125 - Updater not yet initialized, retry later 
2024-05-03 20:25:08,314 [FATAL] Updater:308 - Updater called before beeing initialized
2024-05-03 20:25:08,410 [FATAL] Updater:308 - Updater called before beeing initialized
2024-05-03 20:25:08,420 [INFO] DbMcusAds:53 - JSON generation date=Thu May 02 10:37:27 CEST 2024 (1714639047387)
2024-05-03 20:25:08,420 [FATAL] Updater:308 - Updater called before beeing initialized
2024-05-03 20:25:08,497 [WARN] DetailPanel:346 - Failed to get advertising image, set to default
2024-05-03 20:25:08,597 [FATAL] Updater:308 - Updater called before beeing initialized
2024-05-03 20:25:08,599 [FATAL] Updater:308 - Updater called before beeing initialized
2024-05-03 20:25:08,599 [FATAL] Updater:308 - Updater called before beeing initialized
2024-05-03 20:25:08,599 [WARN] DetailPanel:346 - Failed to get advertising image, set to default
2024-05-03 20:25:08,600 [FATAL] Updater:308 - Updater called before beeing initialized
2024-05-03 20:25:08,674 [ERROR] Updater:1120 - MainUpdater not yet initialized. External WinMGr cannot be set.
2024-05-03 20:25:08,689 [INFO] Updater:1056 - Updater Version found : 6.10.0
2024-05-03 20:25:08,720 [INFO] ApplicationProperties:184 - Using Application install path: C:\ST\STM32CubeIDE_1.14.1\STM32CubeIDE\plugins\com.st.stm32cube.common.mx_6.10.0.202311202037
2024-05-03 20:25:10,305 [ERROR] LogOutputStream:75 - [STDERR_REDIRECT] May 03, 2024 8:25:10 PM java.util.prefs.WindowsPreferences <init>
2024-05-03 20:25:10,306 [ERROR] LogOutputStream:75 - [STDERR_REDIRECT] WARNING: Could not open/create prefs root node Software\JavaSoft\Prefs at root 0xffffffff80000002. Windows RegCreateKeyEx(...) returned error code 5.
2024-05-03 20:25:10,306 [ERROR] LogOutputStream:75 - [STDERR_REDIRECT] 
2024-05-03 20:25:10,680 [INFO] MainUpdater:2873 - connection check result : 10
2024-05-03 20:25:10,681 [INFO] MainUpdater:290 - Updater Check For Update Now.
2024-05-03 20:25:10,682 [INFO] MicroXplorer:498 - Change Database Version : DB.6.0.100
2024-05-03 20:25:10,706 [INFO] McuFinderGlobals:63 - Set McuFinder mode to 2 (CubeIDE integrated)
2024-05-03 20:25:10,927 [INFO] CheckServerUpdateThread:120 - End of CheckServer Thread
2024-05-03 20:25:10,961 [INFO] UserAuth:404 - Internet connection configuration mode: 1
2024-05-03 20:25:10,986 [INFO] JxBrowserEngine:152 - Initiate JxBrowser Engine with user profile folder
2024-05-03 20:25:11,504 [WARN] PackLoader:240 - Cannot read IP mode file for STMicroelectronics.FP-SNS-MOTENVWB1.1.4.0
2024-05-03 20:25:11,522 [WARN] PackLoader:240 - Cannot read IP mode file for STMicroelectronics.X-CUBE-SMBUS.2.1.0
2024-05-03 20:25:11,537 [WARN] PackLoader:240 - Cannot read IP mode file for STMicroelectronics.X-CUBE-TOUCHGFX.4.23.0
2024-05-03 20:25:11,556 [WARN] PackLoader:240 - Cannot read IP mode file for STMicroelectronics.X-CUBE-TOUCHGFX.4.23.2
2024-05-03 20:25:11,629 [WARN] PackLoader:240 - Cannot read IP mode file for STMicroelectronics.X-CUBE-AZRTOS-F7.1.1.0
2024-05-03 20:25:11,651 [WARN] PackLoader:240 - Cannot read IP mode file for STMicroelectronics.FP-SNS-MOTENV1.4.3.2
2024-05-03 20:25:11,669 [WARN] PackLoader:240 - Cannot read IP mode file for STMicroelectronics.FP-SNS-FLIGHT1.5.0.2
2024-05-03 20:25:11,690 [WARN] PackLoader:240 - Cannot read IP mode file for STMicroelectronics.X-CUBE-DISPLAY.3.0.0
2024-05-03 20:25:11,718 [WARN] PackLoader:240 - Cannot read IP mode file for STMicroelectronics.X-CUBE-BLE1.7.0.0
2024-05-03 20:25:11,733 [WARN] PackLoader:240 - Cannot read IP mode file for emotas.I-CUBE-CANOPEN.1.3.0
2024-05-03 20:25:11,754 [WARN] PackLoader:240 - Cannot read IP mode file for STMicroelectronics.X-CUBE-BLEMGR.3.1.0
2024-05-03 20:25:11,770 [WARN] PackLoader:240 - Cannot read IP mode file for STMicroelectronics.FP-SNS-SMARTAG2.1.2.0
2024-05-03 20:25:11,790 [INFO] LogOutputStream:77 - [STDOUT_REDIRECT] 1 : Invalid condition id : UX_CORESTACK_Condition cause : null
2024-05-03 20:25:11,791 [INFO] LogOutputStream:77 - [STDOUT_REDIRECT] 1 : Invalid condition id : UX_CORESTACK_Condition cause : null
2024-05-03 20:25:11,794 [INFO] LogOutputStream:77 - [STDOUT_REDIRECT] 1 : Invalid condition id : UX_CORESTACK_Condition cause : null
2024-05-03 20:25:11,795 [INFO] LogOutputStream:77 - [STDOUT_REDIRECT] 1 : Invalid condition id : UX_CORESTACK_Condition cause : null
2024-05-03 20:25:11,797 [INFO] LogOutputStream:77 - [STDOUT_REDIRECT] 1 : Invalid condition id : UX_CORESTACK_Condition cause : null
2024-05-03 20:25:11,801 [WARN] PackLoader:240 - Cannot read IP mode file for STMicroelectronics.X-CUBE-AZRTOS-WL.2.0.0
2024-05-03 20:25:11,816 [WARN] PackLoader:240 - Cannot read IP mode file for STMicroelectronics.FP-SNS-MOTENV1.5.0.0
2024-05-03 20:25:11,843 [WARN] PackLoader:240 - Cannot read IP mode file for WES.I-CUBE-Cesium.1.3.0
2024-05-03 20:25:11,860 [WARN] PackLoader:240 - Cannot read IP mode file for STMicroelectronics.X-CUBE-BLE2.3.3.0
2024-05-03 20:25:11,878 [WARN] PackLoader:240 - Cannot read IP mode file for STMicroelectronics.X-CUBE-TCPP.4.1.0
2024-05-03 20:25:11,897 [WARN] PackLoader:240 - Cannot read IP mode file for STMicroelectronics.X-CUBE-ALGOBUILD.1.3.0
2024-05-03 20:25:11,927 [WARN] PackLoader:240 - Cannot read IP mode file for STMicroelectronics.X-CUBE-AZRTOS-G0.1.1.0
2024-05-03 20:25:11,943 [WARN] PackLoader:240 - Cannot read IP mode file for STMicroelectronics.X-CUBE-SAFEA1.1.2.2
2024-05-03 20:25:11,955 [WARN] PackLoader:240 - Cannot read IP mode file for STMicroelectronics.X-CUBE-NFC4.3.0.0
2024-05-03 20:25:11,968 [WARN] PackLoader:240 - Cannot read IP mode file for STMicroelectronics.FP-ATR-SIGFOX1.3.2.0
2024-05-03 20:25:11,982 [WARN] PackLoader:240 - Cannot read IP mode file for STMicroelectronics.X-CUBE-EEPRMA1.5.1.0
2024-05-03 20:25:12,020 [WARN] PackLoader:240 - Cannot read IP mode file for SEGGER.I-CUBE-embOS.1.3.1
2024-05-03 20:25:12,055 [WARN] PackLoader:240 - Cannot read IP mode file for STMicroelectronics.X-CUBE-GNSS1.6.0.0
2024-05-03 20:25:12,077 [WARN] PackLoader:240 - Cannot read IP mode file for STMicroelectronics.X-CUBE-AZRTOS-F4.1.1.0
2024-05-03 20:25:12,094 [WARN] PackLoader:240 - Cannot read IP mode file for STMicroelectronics.X-CUBE-FREERTOS.1.2.0
2024-05-03 20:25:12,107 [WARN] PackLoader:240 - Cannot read IP mode file for wolfSSL.I-CUBE-wolfSSL.5.6.6
2024-05-03 20:25:12,128 [WARN] PackLoader:240 - Cannot read IP mode file for STMicroelectronics.X-CUBE-AZRTOS-L5.2.0.0
2024-05-03 20:25:12,147 [WARN] PackLoader:240 - Cannot read IP mode file for STMicroelectronics.X-CUBE-NFC6.3.1.0
2024-05-03 20:25:12,159 [WARN] PackLoader:240 - Cannot read IP mode file for ITTIA_DB.I-CUBE-ITTIADB.8.8.0
2024-05-03 20:25:12,169 [WARN] PackLoader:240 - Cannot read IP mode file for STMicroelectronics.X-CUBE-AI.9.0.0
2024-05-03 20:25:12,180 [WARN] PackLoader:240 - Cannot read IP mode file for STMicroelectronics.X-CUBE-NFC7.1.0.1
2024-05-03 20:25:12,194 [WARN] PackLoader:240 - Cannot read IP mode file for STMicroelectronics.X-CUBE-NFC6.3.0.0
2024-05-03 20:25:12,206 [WARN] PackLoader:240 - Cannot read IP mode file for STMicroelectronics.X-CUBE-AI.8.1.0
2024-05-03 20:25:12,228 [WARN] ConditionMgr:438 - getConditionDescription Invalid condition id : LAN8742 Phy interface Condition cause : null
2024-05-03 20:25:12,229 [WARN] PackLoader:240 - Cannot read IP mode file for STMicroelectronics.X-CUBE-AZRTOS-L4.2.0.0
2024-05-03 20:25:12,229 [WARN] ConditionMgr:1039 - genDependencies : Invalid condition id : LAN8742 Phy interface Condition cause : null
2024-05-03 20:25:12,230 [WARN] ConditionMgr:1039 - genDependencies : Invalid condition id : LAN8742 Phy interface Condition cause : null
2024-05-03 20:25:12,230 [WARN] ConditionMgr:1039 - genDependencies : Invalid condition id : LAN8742 Phy interface Condition cause : null
2024-05-03 20:25:12,243 [WARN] PackLoader:240 - Cannot read IP mode file for STMicroelectronics.X-CUBE-SFXS2LP1.4.0.0
2024-05-03 20:25:12,263 [WARN] ConditionMgr:438 - getConditionDescription Invalid condition id : UX DEVICE CLASS RTOS Condition cause : null
2024-05-03 20:25:12,263 [WARN] ConditionMgr:438 - getConditionDescription Invalid condition id : UX DEVICE CLASS RTOS Condition cause : null
2024-05-03 20:25:12,264 [WARN] PackLoader:240 - Cannot read IP mode file for STMicroelectronics.X-CUBE-AZRTOS-WB.2.0.0
2024-05-03 20:25:12,264 [WARN] ConditionMgr:1039 - genDependencies : Invalid condition id : UX DEVICE CLASS RTOS Condition cause : null
2024-05-03 20:25:12,264 [WARN] ConditionMgr:1039 - genDependencies : Invalid condition id : UX DEVICE CLASS RTOS Condition cause : null
2024-05-03 20:25:12,264 [WARN] ConditionMgr:1039 - genDependencies : Invalid condition id : UX DEVICE CLASS RTOS Condition cause : null
2024-05-03 20:25:12,265 [WARN] ConditionMgr:1039 - genDependencies : Invalid condition id : UX DEVICE CLASS RTOS Condition cause : null
2024-05-03 20:25:12,265 [WARN] ConditionMgr:1039 - genDependencies : Invalid condition id : UX DEVICE CLASS RTOS Condition cause : null
2024-05-03 20:25:12,281 [WARN] PackLoader:240 - Cannot read IP mode file for STMicroelectronics.X-CUBE-SUBG2.5.0.0
2024-05-03 20:25:12,306 [WARN] PackLoader:240 - Cannot read IP mode file for STMicroelectronics.X-CUBE-AZRTOS-G4.2.0.0
2024-05-03 20:25:12,325 [WARN] PackLoader:240 - Cannot read IP mode file for Infineon.AIROC-Wi-Fi-Bluetooth-STM32.1.5.1
2024-05-03 20:25:12,337 [WARN] PackLoader:240 - Cannot read IP mode file for STMicroelectronics.FP-SNS-MOTENVWB1.1.3.1
2024-05-03 20:25:12,352 [WARN] PackLoader:240 - Cannot read IP mode file for STMicroelectronics.X-CUBE-ISPU.2.0.0
2024-05-03 20:25:12,403 [WARN] PackLoader:240 - Cannot read IP mode file for STMicroelectronics.X-CUBE-MEMS1.10.0.0
2024-05-03 20:25:12,525 [WARN] PackLoader:240 - Cannot read IP mode file for STMicroelectronics.X-CUBE-FREERTOS.1.1.0
2024-05-03 20:25:12,537 [WARN] PackLoader:240 - Cannot read IP mode file for portGmbH.I-Cube-SoM-uGOAL.1.1.0
2024-05-03 20:25:12,549 [WARN] PackLoader:240 - Cannot read IP mode file for STMicroelectronics.X-CUBE-ALS.1.0.1
2024-05-03 20:25:12,579 [WARN] PackLoader:240 - Cannot read IP mode file for STMicroelectronics.X-CUBE-AZRTOS-H7RS.1.0.0
2024-05-03 20:25:12,595 [WARN] PackLoader:240 - Cannot read IP mode file for STMicroelectronics.FP-ATR-ASTRA1.2.0.0
2024-05-03 20:25:12,614 [WARN] PackLoader:240 - Cannot read IP mode file for STMicroelectronics.X-CUBE-TOF1.3.4.1
2024-05-03 20:25:12,642 [WARN] PackLoader:240 - Cannot read IP mode file for STMicroelectronics.X-CUBE-AZRTOS-H7.3.2.0
2024-05-03 20:25:12,646 [INFO] ThirdParty:978 - Integrity check success = true
2024-05-03 20:25:12,646 [INFO] IntegrityCheckThread:100 - exiting critical section [integrity check]
2024-05-03 20:25:12,646 [INFO] IntegrityCheckThread:103 - End integrity checks thread
2024-05-03 20:25:14,201 [INFO] WebApp:161 - Instantiating new browser for Auth
2024-05-03 20:25:14,908 [INFO] WebApp:780 - Register for checkConnection events
2024-05-03 20:25:14,908 [INFO] WebApp:414 - Apply proxy settings
2024-05-03 20:25:14,908 [INFO] WebApp:499 - Chromium requires no authentication
2024-05-03 20:25:14,918 [INFO] WebApp:442 - Direct internet connection detected
2024-05-03 20:25:15,117 [INFO] WebApp:192 - Starting web application
2024-05-03 20:25:15,117 [INFO] WebApp:544 - Web application path used C:\ST\STM32CubeIDE_1.14.1\STM32CubeIDE\plugins\com.st.stm32cube.common.mx_6.10.0.202311202037\db\plugins\mcufinder\reactClient1\index.html
2024-05-03 20:25:37,166 [ERROR] LogOutputStream:75 - [STDERR_REDIRECT] SLF4J: Failed to load class "org.slf4j.impl.StaticLoggerBinder".
2024-05-03 20:25:37,167 [ERROR] LogOutputStream:75 - [STDERR_REDIRECT] SLF4J: Defaulting to no-operation (NOP) logger implementation
2024-05-03 20:25:37,168 [ERROR] LogOutputStream:75 - [STDERR_REDIRECT] SLF4J: See http://www.slf4j.org/codes.html#StaticLoggerBinder for further details.
2024-05-03 20:29:21,679 [ERROR] LogOutputStream:75 - [STDERR_REDIRECT] 
